CC1|bs_template|1001|-1|Hybrid Role|Hybrid Role||||1|Y||0|||||1||52|
CC1|bs_template|1002|-1|Rental&OTC Role|Rental&OTC Role||||1|Y||0||||0|1||55|
CC1|bs_template|2001|19673|Credit Limit 500000000|Credit Limit 500000000||||1|Y||0||||500000000|1||53|
CC1|bs_template|2002|920396|Credit Limit 1000000000|Credit Limit 1000000000||||1|Y||0||||1000000000|1||53|
CC1|bs_template|2003|1088|Credit Limit 1000000000|Credit Limit 1000000000||||1|Y||0||||1000000000|1||53|
CC1|bs_template|2004|2313|Credit Limit 0|Credit Limit 0||||1|Y||0||||0|1||53|
CC1|bs_template|2005|2415|Credit Limit 2000000000|Credit Limit 2000000000||||1|Y||0||||2000000000|1||53|
CC1|bs_template|2006|2415|Credit Limit 2265990000|Credit Limit 2265990000||||1|Y||0||||2265990000|1||53|
CC1|bs_template|2007|3647|Credit Limit 1000000000|Credit Limit 1000000000||||1|Y||0||||1000000000|1||53|
CC1|bs_template|2008|15932|Credit Limit 1000000000|Credit Limit 1000000000||||1|Y||0||||1000000000|1||53|
CC1|bs_template|2009|15997|Credit Limit 1000000000|Credit Limit 1000000000||||1|Y||0||||1000000000|1||53|
CC1|bs_template|2010|16263|Credit Limit 21000000000|Credit Limit 21000000000||||1|Y||0||||21000000000|1||53|
CC1|bs_template|2011|921072|Credit Limit 2500000000|Credit Limit 2500000000||||1|Y||0||||2500000000|1||53|
CC1|bs_template|2012|26620|Credit Limit 1000000000|Credit Limit 1000000000||||1|Y||0||||1000000000|1||53|
CC1|bs_template|2013|2186|Credit Limit 2825430000|Credit Limit 2825430000||||1|Y||0||||2825430000|1||53|
CC1|bs_template|2014|2186|Credit Limit 19781810000|Credit Limit 19781810000||||1|Y||0||||19781810000|1||53|
CC1|bs_template|2015|2186|Credit Limit 2253270000|Credit Limit 2253270000||||1|Y||0||||2253270000|1||53|
CC1|bs_template|2016|2186|Credit Limit 1013860000|Credit Limit 1013860000||||1|Y||0||||1013860000|1||53|
CC1|bs_template|2017|2186|Credit Limit 4739320000|Credit Limit 4739320000||||1|Y||0||||4739320000|1||53|
CC1|bs_template|2018|1896|Credit Limit 3014330000|Credit Limit 3014330000||||1|Y||0||||3014330000|1||53|
CC1|bs_template|2019|913446|Credit Limit 5090540000|Credit Limit 5090540000||||1|Y||0||||5090540000|1||53|
CC1|bs_template|2020|1836|Credit Limit 1000000000|Credit Limit 1000000000||||1|Y||0||||1000000000|1||53|
CC1|bs_template|2021|912435|Credit Limit 0|Credit Limit 0||||1|Y||0||||0|1||53|
CC1|bs_template|2022|912435|Credit Limit 1000000000|Credit Limit 1000000000||||1|Y||0||||1000000000|1||53|
CC1|bs_template|2023|3529|Credit Limit 3145540000|Credit Limit 3145540000||||1|Y||0||||3145540000|1||53|
CC1|bs_template|2024|18449|Credit Limit 500000000|Credit Limit 500000000||||1|Y||0||||500000000|1||53|
CC1|bs_template|2025|919808|Credit Limit 12000000000|Credit Limit 12000000000||||1|Y||0||||12000000000|1||53|
CC1|bs_template|2026|919808|Credit Limit 3000000000|Credit Limit 3000000000||||1|Y||0||||3000000000|1||53|
CC1|bs_template|2027|919808|Credit Limit 5350450000|Credit Limit 5350450000||||1|Y||0||||5350450000|1||53|
CC1|bs_template|2028|22940|Credit Limit 1000000000|Credit Limit 1000000000||||1|Y||0||||1000000000|1||53|
CC1|bs_template|2029|22940|Credit Limit 461870000|Credit Limit 461870000||||1|Y||0||||461870000|1||53|
CC1|bs_template|2030|22650|Credit Limit 1000000000|Credit Limit 1000000000||||1|Y||0||||1000000000|1||53|
CC1|bs_template|2031|914251|Credit Limit 1200000000|Credit Limit 1200000000||||1|Y||0||||1200000000|1||53|
CC1|bs_template|2032|914251|Credit Limit 1500000000|Credit Limit 1500000000||||1|Y||0||||1500000000|1||53|
CC1|bs_template|2033|2048|Credit Limit 1649540000|Credit Limit 1649540000||||1|Y||0||||1649540000|1||53|
CC1|bs_template|2034|3760|Credit Limit 0|Credit Limit 0||||1|Y||0||||0|1||53|
CC1|bs_template|2035|3760|Credit Limit 6099270000|Credit Limit 6099270000||||1|Y||0||||6099270000|1||53|
CC1|bs_template|2036|3760|Credit Limit 850000000|Credit Limit 850000000||||1|Y||0||||850000000|1||53|
CC1|bs_template|2037|910317|Credit Limit 4669100000|Credit Limit 4669100000||||1|Y||0||||4669100000|1||53|
CC1|bs_template|2038|914260|Credit Limit 3000000000|Credit Limit 3000000000||||1|Y||0||||3000000000|1||53|
CC1|bs_template|2039|911970|Credit Limit 2188510000|Credit Limit 2188510000||||1|Y||0||||2188510000|1||53|
CC1|bs_template|2040|911970|Credit Limit 1401620000|Credit Limit 1401620000||||1|Y||0||||1401620000|1||53|
CC1|bs_template|2041|914004|Credit Limit 1000000000|Credit Limit 1000000000||||1|Y||0||||1000000000|1||53|
CC1|bs_template|2042|913233|Credit Limit 1000000000|Credit Limit 1000000000||||1|Y||0||||1000000000|1||53|
CC1|bs_template|2043|914803|Credit Limit 1000000000|Credit Limit 1000000000||||1|Y||0||||1000000000|1||53|
CC1|bs_template|2044|912973|Credit Limit 360000000|Credit Limit 360000000||||1|Y||0||||360000000|1||53|
CC1|bs_template|2045|912973|Credit Limit 2500000000|Credit Limit 2500000000||||1|Y||0||||2500000000|1||53|
CC1|bs_template|2046|912973|Credit Limit 4200000000|Credit Limit 4200000000||||1|Y||0||||4200000000|1||53|
CC1|bs_template|2047|912973|Credit Limit 2579100000|Credit Limit 2579100000||||1|Y||0||||2579100000|1||53|
CC1|bs_template|2048|912973|Credit Limit 1000000000|Credit Limit 1000000000||||1|Y||0||||1000000000|1||53|
CC1|bs_template|2049|912973|Credit Limit 2000000000|Credit Limit 2000000000||||1|Y||0||||2000000000|1||53|
