CC1|bal_share_detail|1|1|393117505|||2014-08-01 00:00:00|2099-12-31 00:00:00||0|0|||||912849|51|
CC1|bal_share_detail|2|2|393118275|||2014-08-01 00:00:00|2099-12-31 00:00:00||0|0|||||912849|51|
CC1|bal_share_detail|3|3|393098257|||2018-02-06 16:07:27|2020-04-09 14:48:00||0|1|||||912861|51|
CC1|bal_share_detail|4|4|393098257|||2020-07-23 10:20:50|2021-01-06 14:58:00||0|1|||||912861|51|
CC1|bal_share_detail|5|5|393098257|||2021-03-20 14:47:00|2099-01-01 00:00:00||0|1|||||912861|51|
CC1|bal_share_detail|6|6|393098914|||2014-11-08 14:39:26|2015-01-22 17:50:27||0|3|||||914901|51|
CC1|bal_share_detail|7|7|393098914|||2015-02-04 08:50:26|2016-02-11 17:44:29||0|3|||||914901|51|
CC1|bal_share_detail|8|8|393098914|||2016-02-11 20:15:27|2016-04-13 13:07:27||0|3|||||914901|51|
CC1|bal_share_detail|9|9|393117488|||2014-08-01 00:00:00|2099-12-31 00:00:00||0|0|||||912849|51|
CC1|bal_share_detail|10|10|393119782|||2014-08-01 00:00:00|2099-12-31 00:00:00||0|0|||||912849|51|
CC1|bal_share_detail|11|11|393063717|||2020-03-26 14:13:30|2099-01-01 00:00:00||0|3|||||913325|51|
CC1|bal_share_detail|12|12|393060446|||2016-04-08 14:00:36|2017-11-14 19:31:34||0|3|||||914940|51|
CC1|bal_share_detail|13|13|393060446|||2017-11-15 12:47:30|2099-01-01 00:00:00||0|3|||||914940|51|
CC1|bal_share_detail|14|14|393063726|||2016-02-02 19:24:35|2016-02-18 19:01:26||0|3|||||912854|51|
CC1|bal_share_detail|15|15|393063726|||2017-04-01 00:00:00|2017-04-03 18:26:26||0|3|||||912854|51|
CC1|bal_share_detail|16|16|393063726|||2015-04-10 10:09:27|2016-02-09 23:18:27||0|1|||||18133|51|
CC1|bal_share_detail|17|17|393062605|||2018-10-02 17:30:27|2019-09-25 12:43:29||0|0|||||921571|51|
CC1|bal_share_detail|18|18|393062605|||2019-09-25 15:02:26|2020-02-05 08:58:20||0|0|||||921571|51|
CC1|bal_share_detail|19|19|392851157|||2018-03-28 17:36:27|2020-09-30 14:56:50||0|3|||||23240|51|
CC1|bal_share_detail|20|20|392846794|||2014-08-01 00:00:00|2016-05-01 17:53:27||0|3|||||913341|51|
CC1|bal_share_detail|21|21|392835148|||2017-10-05 17:30:27|2018-09-04 12:12:26||0|3|||||914973|51|
CC1|bal_share_detail|22|22|392835151|||2020-10-27 18:18:40|2099-01-01 00:00:00||0|1|||||16481|51|
CC1|bal_share_detail|23|23|392832498|||2014-10-16 08:31:27|2015-03-23 09:02:27||0|0|||||914390|51|
CC1|bal_share_detail|24|24|392713897|||2014-08-01 00:00:00|2099-12-31 00:00:00||0|1|||||16481|51|
CC1|bal_share_detail|25|25|392925658|||2017-05-01 00:00:00|2017-05-05 11:55:29||0|3|||||912854|51|
CC1|bal_share_detail|26|26|392925658|||2017-05-17 19:27:29|2099-01-01 00:00:00||0|3|||||912854|51|
CC1|bal_share_detail|27|27|392938019|||2016-03-02 17:00:27|2016-11-25 18:08:27||0|0|||||920160|51|
CC1|bal_share_detail|28|28|393095771|||2020-03-18 18:36:10|2020-06-30 16:58:11||0|3|||||25569|51|
CC1|bal_share_detail|29|29|393094807|||2018-12-04 13:55:26|2019-03-26 09:56:27||0|1|||||16168|51|
CC1|bal_share_detail|30|30|393094807|||2019-03-26 10:32:26|2099-01-01 00:00:00||0|1|||||16168|51|
CC1|bal_share_detail|31|31|393097156|||2017-05-05 15:01:29|2018-06-27 16:26:27||0|0|||||912785|51|
CC1|bal_share_detail|32|32|393097477|||2019-01-30 17:45:29|2099-01-01 00:00:00||0|0|||||912785|51|
CC1|bal_share_detail|33|33|393097477|||2020-05-27 17:33:41|2099-01-01 00:00:00||0|3|||||912854|51|
CC1|bal_share_detail|34|34|393091366|||2020-11-01 12:15:40|2099-01-01 00:00:00||0|3|||||912854|51|
CC1|bal_share_detail|35|35|393091366|||2019-07-26 12:38:29|2099-01-01 00:00:00||0|1|||||21843|51|
CC1|bal_share_detail|36|36|393096955|||2020-09-05 13:43:30|2020-11-20 11:02:15||0|1|||||21843|51|
CC1|bal_share_detail|37|37|393085157|||2020-04-29 14:50:50|2099-01-01 00:00:00||0|1|||||16481|51|
CC1|bal_share_detail|38|38|392987928|||2015-05-08 09:54:26|2015-09-04 18:42:26||0|0|||||912793|51|
CC1|bal_share_detail|39|39|392999763|||2018-07-19 23:40:26|2019-07-12 15:11:15||0|3|||||914940|51|
CC1|bal_share_detail|40|40|393098642|||2019-07-26 12:38:29|2020-08-01 10:13:08||0|0|||||912793|51|
CC1|bal_share_detail|41|41|393111073|||2018-11-13 17:46:28|2099-01-01 00:00:00||0|1|||||23780|51|
CC1|bal_share_detail|42|42|393118162|||2018-02-02 18:20:28|2018-10-02 10:23:48||0|0|||||921571|51|
CC1|bal_share_detail|43|43|393122331|||2014-08-01 00:00:00|2099-12-31 00:00:00||0|0|||||912849|51|
CC1|bal_share_detail|44|44|393122214|||2014-08-01 00:00:00|2099-12-31 00:00:00||0|0|||||912849|51|
CC1|bal_share_detail|45|45|393120590|||2014-08-01 00:00:00|2099-12-31 00:00:00||0|0|||||912849|51|
CC1|bal_share_detail|46|46|393117819|||2014-08-01 00:00:00|2099-12-31 00:00:00||0|0|||||912849|51|
CC1|bal_share_detail|47|47|393050755|||2015-12-14 23:31:26|2099-01-01 00:00:00||0|0|||||912849|51|
CC1|bal_share_detail|48|48|393058532|||2014-08-01 00:00:00|2016-02-10 18:45:38||0|3|||||912797|51|
CC1|bal_share_detail|49|49|393058532|||2016-02-10 19:36:29|2016-03-03 19:02:29||0|3|||||912797|51|
CC1|bal_share_detail|50|50|393061888|||2016-09-06 17:14:28|2099-01-01 00:00:00||0|3|||||912854|51|
CC1|bal_share_detail|51|51|392849469|||2020-03-10 12:04:50|2021-02-18 18:02:35||0|3|||||912797|51|
